<?xml version="1.0" encoding="UTF-8"?>
<!-- Generated by org.testng.reporters.JUnitXMLReporter -->
<testsuite ignored="1" hostname="Bharani" failures="0" tests="8" name="Default test" time="0.086" errors="0" timestamp="2022-09-02T16:22:29 IST">
  <testcase classname="testng.Test1" name="chats" time="0.01"/>
  <testcase classname="testng.Test1" name="chats" time="0.002"/>
  <testcase classname="testng.Test1" name="chats" time="0.001"/>
  <testcase classname="testng.Test1" name="calls" time="0.004"/>
  <testcase classname="testng.Test1" name="calls" time="0.001"/>
  <testcase classname="testng.Test1" name="calls" time="0.002"/>
  <testcase classname="testng.Test1" name="calls" time="0.001"/>
  <testcase classname="testng.Test1" name="calls" time="0.001"/>
  <testcase classname="testng.Test1" name="settings" time="0.0">
    <ignored/>
  </testcase> <!-- settings -->
</testsuite> <!-- Default test -->
