<?xml version="1.0" encoding="UTF-8"?>
<!-- Generated by org.testng.reporters.JUnitXMLReporter -->
<testsuite ignored="0" hostname="Bharani" failures="1" tests="4" name="Test" time="27.904" errors="0" timestamp="2022-09-06T15:45:55 IST">
  <testcase classname="testng.Testcase1" name="login" time="3.295"/>
  <testcase classname="testng.Testcase2" name="forgotpassword" time="1.311"/>
  <testcase classname="testng.Testcase3" name="createapage" time="2.133"/>
  <testcase classname="testng.Testcase4" name="login" time="3.663">
    <failure type="java.lang.AssertionError" message="expected [wertyui] but found [Facebook – log in or sign up]">
      <![CDATA[java.lang.AssertionError: expected [wertyui] but found [Facebook – log in or sign up]
at testng.Testcase4.login(Testcase4.java:37)
at java.base/java.util.ArrayList.forEach(ArrayList.java:1511)
... Removed 33 stack frames]]>
    </failure>
  </testcase> <!-- login -->
</testsuite> <!-- Test -->
