<?xml version="1.0" encoding="UTF-8"?>
<testng-results ignored="0" total="3" passed="3" failed="0" skipped="0">
  <reporter-output>
    <line>
      <![CDATA[Facebook – log in or sign up]]>
    </line>
    <line>
      <![CDATA[Facebook – log in or sign up]]>
    </line>
    <line>
      <![CDATA[https://www.facebook.com/login/?privacy_mutation_token=eyJ0eXBlIjowLCJjcmVhdGlvbl90aW1lIjoxNjYyMzc1NTg2LCJjYWxsc2l0ZV9pZCI6MzgxMjI5MDc5NTc1OTQ2fQ%3D%3D]]>
    </line>
    <line>
      <![CDATA[https://www.facebook.com/login/?privacy_mutation_token=eyJ0eXBlIjowLCJjcmVhdGlvbl90aW1lIjoxNjYyMzc1NTg2LCJjYWxsc2l0ZV9pZCI6MzgxMjI5MDc5NTc1OTQ2fQ%3D%3D]]>
    </line>
    <line>
      <![CDATA[Facebook – log in or sign up]]>
    </line>
    <line>
      <![CDATA[https://www.facebook.com/login/?privacy_mutation_token=eyJ0eXBlIjowLCJjcmVhdGlvbl90aW1lIjoxNjYyMzc1NTg5LCJjYWxsc2l0ZV9pZCI6MzgxMjI5MDc5NTc1OTQ2fQ%3D%3D]]>
    </line>
  </reporter-output>
  <suite started-at="2022-09-05T16:29:43 IST" name="Suite" finished-at="2022-09-05T16:29:53 IST" duration-ms="9618">
    <groups>
    </groups>
    <test started-at="2022-09-05T16:29:43 IST" name="Test3" finished-at="2022-09-05T16:29:51 IST" duration-ms="7989">
      <class name="testng.Paralell">
        <test-method signature="demo(java.lang.String)[pri:0, instance:testng.Paralell@76c3e77a]" started-at="2022-09-05T16:29:43 IST" name="demo" finished-at="2022-09-05T16:29:51 IST" duration-ms="7950" status="PASS">
          <params>
            <param index="0">
              <value>
                <![CDATA[chrome]]>
              </value>
            </param>
          </params>
          <reporter-output>
            <line>
              <![CDATA[Facebook – log in or sign up]]>
            </line>
            <line>
              <![CDATA[https://www.facebook.com/login/?privacy_mutation_token=eyJ0eXBlIjowLCJjcmVhdGlvbl90aW1lIjoxNjYyMzc1NTg2LCJjYWxsc2l0ZV9pZCI6MzgxMjI5MDc5NTc1OTQ2fQ%3D%3D]]>
            </line>
          </reporter-output>
        </test-method> <!-- demo -->
      </class> <!-- testng.Paralell -->
    </test> <!-- Test3 -->
    <test started-at="2022-09-05T16:29:43 IST" name="Test1" finished-at="2022-09-05T16:29:51 IST" duration-ms="7990">
      <class name="testng.Paralell">
        <test-method signature="demo(java.lang.String)[pri:0, instance:testng.Paralell@3a6bb9bf]" started-at="2022-09-05T16:29:43 IST" name="demo" finished-at="2022-09-05T16:29:51 IST" duration-ms="7950" status="PASS">
          <params>
            <param index="0">
              <value>
                <![CDATA[chrome]]>
              </value>
            </param>
          </params>
          <reporter-output>
            <line>
              <![CDATA[Facebook – log in or sign up]]>
            </line>
            <line>
              <![CDATA[https://www.facebook.com/login/?privacy_mutation_token=eyJ0eXBlIjowLCJjcmVhdGlvbl90aW1lIjoxNjYyMzc1NTg2LCJjYWxsc2l0ZV9pZCI6MzgxMjI5MDc5NTc1OTQ2fQ%3D%3D]]>
            </line>
          </reporter-output>
        </test-method> <!-- demo -->
      </class> <!-- testng.Paralell -->
    </test> <!-- Test1 -->
    <test started-at="2022-09-05T16:29:43 IST" name="Test2" finished-at="2022-09-05T16:29:53 IST" duration-ms="9618">
      <class name="testng.Paralell">
        <test-method signature="demo(java.lang.String)[pri:0, instance:testng.Paralell@1b1426f4]" started-at="2022-09-05T16:29:43 IST" name="demo" finished-at="2022-09-05T16:29:53 IST" duration-ms="9580" status="PASS">
          <params>
            <param index="0">
              <value>
                <![CDATA[firefox]]>
              </value>
            </param>
          </params>
          <reporter-output>
            <line>
              <![CDATA[Facebook – log in or sign up]]>
            </line>
            <line>
              <![CDATA[https://www.facebook.com/login/?privacy_mutation_token=eyJ0eXBlIjowLCJjcmVhdGlvbl90aW1lIjoxNjYyMzc1NTg5LCJjYWxsc2l0ZV9pZCI6MzgxMjI5MDc5NTc1OTQ2fQ%3D%3D]]>
            </line>
          </reporter-output>
        </test-method> <!-- demo -->
      </class> <!-- testng.Paralell -->
    </test> <!-- Test2 -->
  </suite> <!-- Suite -->
</testng-results>
